build/app/intermediates/manifest_merge_blame_file/debug/manifest-merger-blame-debug-report.txt
1<?xml version="1.0" encoding="utf-8"?>
2<manifest xmlns:android="http://schemas.android.com/apk/res/android"
3    package="com.example.whatsappclone"
4    android:versionCode="1"
5    android:versionName="1.0.0" >
6
7    <uses-sdk
8        android:minSdkVersion="21"
9        android:targetSdkVersion="31" />
10    <!--
11         Flutter needs it to communicate with the running application
12         to allow setting breakpoints, to provide hot reload, etc.
13    -->
14    <uses-permission android:name="android.permission.INTERNET" />
14-->src\debug\AndroidManifest.xml:6:5-66
14-->src\debug\AndroidManifest.xml:6:22-64
15    <uses-permission android:name="android.permission.CAMERA" />
15-->[:camera_android] AndroidManifest.xml:9:5-65
15-->[:camera_android] AndroidManifest.xml:9:22-62
16    <uses-permission android:name="android.permission.RECORD_AUDIO" />
16-->[:camera_android] AndroidManifest.xml:10:5-71
16-->[:camera_android] AndroidManifest.xml:10:22-68
17    <uses-permission android:name="android.permission.ACCESS_NETWORK_STATE" /> <!-- Don't require camera, as this requires a rear camera. This allows it to work on the Nexus 7 -->
17-->[com.google.android.exoplayer:exoplayer-core:2.18.1] AndroidManifest.xml:24:5-79
17-->[com.google.android.exoplayer:exoplayer-core:2.18.1] AndroidManifest.xml:24:22-76
18    <uses-feature
18-->[com.journeyapps:zxing-android-embedded:4.3.0] AndroidManifest.xml:25:5-27:36
19        android:name="android.hardware.camera"
19-->[com.journeyapps:zxing-android-embedded:4.3.0] AndroidManifest.xml:26:9-47
20        android:required="false" />
20-->[com.journeyapps:zxing-android-embedded:4.3.0] AndroidManifest.xml:27:9-33
21    <uses-feature
21-->[com.journeyapps:zxing-android-embedded:4.3.0] AndroidManifest.xml:28:5-30:36
22        android:name="android.hardware.camera.front"
22-->[com.journeyapps:zxing-android-embedded:4.3.0] AndroidManifest.xml:29:9-53
23        android:required="false" /> <!-- TODO replace above two with next line after Android 4.2 -->
23-->[com.journeyapps:zxing-android-embedded:4.3.0] AndroidManifest.xml:30:9-33
24    <!-- <uses-feature android:name="android.hardware.camera.any"/> -->
25    <uses-feature
25-->[com.journeyapps:zxing-android-embedded:4.3.0] AndroidManifest.xml:33:5-35:36
26        android:name="android.hardware.camera.autofocus"
26-->[com.journeyapps:zxing-android-embedded:4.3.0] AndroidManifest.xml:34:9-57
27        android:required="false" />
27-->[com.journeyapps:zxing-android-embedded:4.3.0] AndroidManifest.xml:35:9-33
28    <uses-feature
28-->[com.journeyapps:zxing-android-embedded:4.3.0] AndroidManifest.xml:36:5-38:36
29        android:name="android.hardware.camera.flash"
29-->[com.journeyapps:zxing-android-embedded:4.3.0] AndroidManifest.xml:37:9-53
30        android:required="false" />
30-->[com.journeyapps:zxing-android-embedded:4.3.0] AndroidManifest.xml:38:9-33
31    <uses-feature
31-->[com.journeyapps:zxing-android-embedded:4.3.0] AndroidManifest.xml:39:5-41:36
32        android:name="android.hardware.screen.landscape"
32-->[com.journeyapps:zxing-android-embedded:4.3.0] AndroidManifest.xml:40:9-57
33        android:required="false" />
33-->[com.journeyapps:zxing-android-embedded:4.3.0] AndroidManifest.xml:41:9-33
34    <uses-feature
34-->[com.journeyapps:zxing-android-embedded:4.3.0] AndroidManifest.xml:42:5-44:36
35        android:name="android.hardware.wifi"
35-->[com.journeyapps:zxing-android-embedded:4.3.0] AndroidManifest.xml:43:9-45
36        android:required="false" />
36-->[com.journeyapps:zxing-android-embedded:4.3.0] AndroidManifest.xml:44:9-33
37
38    <application
39        android:name="android.app.Application"
40        android:appComponentFactory="androidx.core.app.CoreComponentFactory"
40-->[androidx.core:core:1.7.0] AndroidManifest.xml:24:18-86
41        android:debuggable="true"
42        android:icon="@mipmap/ic_launcher"
43        android:label="WhatsApp" >
44        <activity
45            android:name="com.example.whatsappclone.MainActivity"
46            android:configChanges="orientation|keyboardHidden|keyboard|screenSize|smallestScreenSize|locale|layoutDirection|fontScale|screenLayout|density|uiMode"
47            android:exported="true"
48            android:hardwareAccelerated="true"
49            android:launchMode="singleTop"
50            android:theme="@style/LaunchTheme"
51            android:windowSoftInputMode="adjustResize" >
52
53            <!--
54                 Specifies an Android theme to apply to this Activity as soon as
55                 the Android process has started. This theme is visible to the user
56                 while the Flutter UI initializes. After that, this theme continues
57                 to determine the Window background behind the Flutter UI.
58            -->
59            <meta-data
60                android:name="io.flutter.embedding.android.NormalTheme"
61                android:resource="@style/NormalTheme" />
62
63            <intent-filter>
64                <action android:name="android.intent.action.MAIN" />
65
66                <category android:name="android.intent.category.LAUNCHER" />
67            </intent-filter>
68        </activity>
69        <!--
70             Don't delete the meta-data below.
71             This is used by the Flutter tool to generate GeneratedPluginRegistrant.java
72        -->
73        <meta-data
74            android:name="flutterEmbedding"
75            android:value="2" />
76
77        <uses-library
77-->[androidx.window:window:1.0.0-beta04] AndroidManifest.xml:25:9-27:40
78            android:name="androidx.window.extensions"
78-->[androidx.window:window:1.0.0-beta04] AndroidManifest.xml:26:13-54
79            android:required="false" />
79-->[androidx.window:window:1.0.0-beta04] AndroidManifest.xml:27:13-37
80        <uses-library
80-->[androidx.window:window:1.0.0-beta04] AndroidManifest.xml:28:9-30:40
81            android:name="androidx.window.sidecar"
81-->[androidx.window:window:1.0.0-beta04] AndroidManifest.xml:29:13-51
82            android:required="false" />
82-->[androidx.window:window:1.0.0-beta04] AndroidManifest.xml:30:13-37
83
84        <provider
84-->[androidx.emoji2:emoji2:1.0.0] AndroidManifest.xml:26:9-34:20
85            android:name="androidx.startup.InitializationProvider"
85-->[androidx.emoji2:emoji2:1.0.0] AndroidManifest.xml:27:13-67
86            android:authorities="com.example.whatsappclone.androidx-startup"
86-->[androidx.emoji2:emoji2:1.0.0] AndroidManifest.xml:28:13-68
87            android:exported="false" >
87-->[androidx.emoji2:emoji2:1.0.0] AndroidManifest.xml:29:13-37
88            <meta-data
88-->[androidx.emoji2:emoji2:1.0.0] AndroidManifest.xml:31:13-33:52
89                android:name="androidx.emoji2.text.EmojiCompatInitializer"
89-->[androidx.emoji2:emoji2:1.0.0] AndroidManifest.xml:32:17-75
90                android:value="androidx.startup" />
90-->[androidx.emoji2:emoji2:1.0.0] AndroidManifest.xml:33:17-49
91            <meta-data
91-->[androidx.lifecycle:lifecycle-process:2.4.0] AndroidManifest.xml:31:13-33:52
92                android:name="androidx.lifecycle.ProcessLifecycleInitializer"
92-->[androidx.lifecycle:lifecycle-process:2.4.0] AndroidManifest.xml:32:17-78
93                android:value="androidx.startup" />
93-->[androidx.lifecycle:lifecycle-process:2.4.0] AndroidManifest.xml:33:17-49
94        </provider>
95
96        <activity
96-->[com.journeyapps:zxing-android-embedded:4.3.0] AndroidManifest.xml:47:9-53:63
97            android:name="com.journeyapps.barcodescanner.CaptureActivity"
97-->[com.journeyapps:zxing-android-embedded:4.3.0] AndroidManifest.xml:48:13-74
98            android:clearTaskOnLaunch="true"
98-->[com.journeyapps:zxing-android-embedded:4.3.0] AndroidManifest.xml:49:13-45
99            android:screenOrientation="sensorLandscape"
99-->[com.journeyapps:zxing-android-embedded:4.3.0] AndroidManifest.xml:50:13-56
100            android:stateNotNeeded="true"
100-->[com.journeyapps:zxing-android-embedded:4.3.0] AndroidManifest.xml:51:13-42
101            android:theme="@style/zxing_CaptureTheme"
101-->[com.journeyapps:zxing-android-embedded:4.3.0] AndroidManifest.xml:52:13-54
102            android:windowSoftInputMode="stateAlwaysHidden" />
102-->[com.journeyapps:zxing-android-embedded:4.3.0] AndroidManifest.xml:53:13-60
103    </application>
104
105</manifest>